[:00000003][06/24/2021 11:02:50]: LAUNCH snlua launcher
[:00000004][06/24/2021 11:02:50]: LAUNCH snlua cdummy
[:00000005][06/24/2021 11:02:50]: LAUNCH harbor 0 4
[:00000006][06/24/2021 11:02:50]: LAUNCH snlua datacenterd
[:00000007][06/24/2021 11:02:50]: LAUNCH snlua service_mgr
[:00000008][06/24/2021 11:02:50]: LAUNCH snlua main
[:00000008][06/24/2021 11:02:50]: Server start.
[:00000009][06/24/2021 11:02:50]: LAUNCH snlua console
[:0000000a][06/24/2021 11:02:50]: LAUNCH snlua debug_console 8105
[:0000000a][06/24/2021 11:02:50]: Start debug console at 127.0.0.1:8105
[:0000000b][06/24/2021 11:02:50]: LAUNCH snlua cache
[:0000000c][06/24/2021 11:02:50]: LAUNCH snlua sharedatad
[:0000000d][06/24/2021 11:02:50]: LAUNCH snlua routine
[:0000000e][06/24/2021 11:02:50]: LAUNCH snlua agent_pool
[:0000000f][06/24/2021 11:02:50]: LAUNCH snlua agent_mgr
[:00000010][06/24/2021 11:02:50]: LAUNCH snlua gate_mgr
[:00000011][06/24/2021 11:02:50]: LAUNCH snlua gate
[:00000012][06/24/2021 11:02:50]: LAUNCH snlua gate
[:00000011][06/24/2021 11:02:50]: start udp 0.0.0.0: 9100
[:00000013][06/24/2021 11:02:50]: LAUNCH snlua gate
[:00000012][06/24/2021 11:02:50]: start udp 0.0.0.0: 9101
[:00000014][06/24/2021 11:02:50]: LAUNCH snlua gate
[:00000013][06/24/2021 11:02:50]: start udp 0.0.0.0: 9102
[:00000015][06/24/2021 11:02:50]: LAUNCH snlua gate
[:00000014][06/24/2021 11:02:50]: start udp 0.0.0.0: 9103
[:00000016][06/24/2021 11:02:50]: LAUNCH snlua gate
[:00000015][06/24/2021 11:02:50]: start udp 0.0.0.0: 9104
[:00000017][06/24/2021 11:02:50]: LAUNCH snlua gate
[:00000016][06/24/2021 11:02:50]: start udp 0.0.0.0: 9105
[:00000018][06/24/2021 11:02:50]: LAUNCH snlua gate
[:00000017][06/24/2021 11:02:50]: start udp 0.0.0.0: 9106
[:00000019][06/24/2021 11:02:50]: LAUNCH snlua gate
[:00000018][06/24/2021 11:02:50]: start udp 0.0.0.0: 9107
[:00000019][06/24/2021 11:02:50]: start udp 0.0.0.0: 9108
[:0000001a][06/24/2021 11:02:50]: LAUNCH snlua game_client
[:0000001b][06/24/2021 11:02:50]: LAUNCH snlua game_message
[:0000001c][06/24/2021 11:02:50]: LAUNCH snlua room_mgr
[:0000001d][06/24/2021 11:02:50]: LAUNCH snlua time_room 1
[:0000001e][06/24/2021 11:02:50]: LAUNCH snlua time_room 2
[:0000001f][06/24/2021 11:02:50]: LAUNCH snlua time_room 3
[:00000020][06/24/2021 11:02:50]: LAUNCH snlua time_room 4
[:00000021][06/24/2021 11:02:50]: LAUNCH snlua time_room 5
[:00000022][06/24/2021 11:02:50]: LAUNCH snlua time_room 6
[:00000023][06/24/2021 11:02:50]: LAUNCH snlua time_room 7
[:00000024][06/24/2021 11:02:50]: LAUNCH snlua time_room 8
[:00000025][06/24/2021 11:02:50]: LAUNCH snlua time_room 9
[:00000026][06/24/2021 11:02:50]: LAUNCH snlua time_room 10
[:00000027][06/24/2021 11:02:50]: LAUNCH snlua time_room 11
[:00000028][06/24/2021 11:02:50]: LAUNCH snlua time_room 12
[:00000029][06/24/2021 11:02:50]: LAUNCH snlua time_room 13
[:0000002a][06/24/2021 11:02:50]: LAUNCH snlua time_room 14
[:0000002b][06/24/2021 11:02:50]: LAUNCH snlua time_room 15
[:0000002c][06/24/2021 11:02:50]: LAUNCH snlua time_room 16
[:0000002d][06/24/2021 11:02:50]: LAUNCH snlua time_room 17
[:0000002e][06/24/2021 11:02:50]: LAUNCH snlua time_room 18
[:0000002f][06/24/2021 11:02:50]: LAUNCH snlua time_room 19
[:00000030][06/24/2021 11:02:50]: LAUNCH snlua time_room 20
[:00000031][06/24/2021 11:02:50]: LAUNCH snlua time_room 21
[:00000032][06/24/2021 11:02:50]: LAUNCH snlua time_room 22
[:00000033][06/24/2021 11:02:50]: LAUNCH snlua time_room 23
[:00000034][06/24/2021 11:02:50]: LAUNCH snlua time_room 24
[:00000035][06/24/2021 11:02:50]: LAUNCH snlua time_room 25
[:00000036][06/24/2021 11:02:50]: LAUNCH snlua time_room 26
[:00000037][06/24/2021 11:02:50]: LAUNCH snlua time_room 27
[:00000038][06/24/2021 11:02:50]: LAUNCH snlua time_room 28
[:00000039][06/24/2021 11:02:50]: LAUNCH snlua time_room 29
[:0000003a][06/24/2021 11:02:50]: LAUNCH snlua time_room 30
[:0000003b][06/24/2021 11:02:50]: LAUNCH snlua time_room 31
[:0000003c][06/24/2021 11:02:50]: LAUNCH snlua time_room 32
[:0000003d][06/24/2021 11:02:50]: LAUNCH snlua time_room 33
[:0000003e][06/24/2021 11:02:50]: LAUNCH snlua time_room 34
[:0000003f][06/24/2021 11:02:50]: LAUNCH snlua time_room 35
[:00000040][06/24/2021 11:02:50]: LAUNCH snlua time_room 36
[:00000041][06/24/2021 11:02:50]: LAUNCH snlua time_room 37
[:00000042][06/24/2021 11:02:50]: LAUNCH snlua time_room 38
[:00000043][06/24/2021 11:02:50]: LAUNCH snlua time_room 39
[:00000044][06/24/2021 11:02:50]: LAUNCH snlua time_room 40
[:00000045][06/24/2021 11:02:50]: LAUNCH snlua time_room 41
[:00000046][06/24/2021 11:02:50]: LAUNCH snlua time_room 42
[:00000047][06/24/2021 11:02:50]: LAUNCH snlua time_room 43
[:00000048][06/24/2021 11:02:50]: LAUNCH snlua time_room 44
[:00000049][06/24/2021 11:02:50]: LAUNCH snlua time_room 45
[:0000004a][06/24/2021 11:02:50]: LAUNCH snlua time_room 46
[:0000004b][06/24/2021 11:02:50]: LAUNCH snlua time_room 47
[:0000004c][06/24/2021 11:02:50]: LAUNCH snlua time_room 48
[:0000004d][06/24/2021 11:02:50]: LAUNCH snlua time_room 49
[:0000004e][06/24/2021 11:02:50]: LAUNCH snlua time_room 50
[:0000004f][06/24/2021 11:02:50]: LAUNCH snlua time_room 51
[:00000050][06/24/2021 11:02:50]: LAUNCH snlua time_room 52
[:00000051][06/24/2021 11:02:50]: LAUNCH snlua time_room 53
[:00000052][06/24/2021 11:02:50]: LAUNCH snlua time_room 54
[:00000053][06/24/2021 11:02:50]: LAUNCH snlua time_room 55
[:00000054][06/24/2021 11:02:50]: LAUNCH snlua time_room 56
[:00000055][06/24/2021 11:02:50]: LAUNCH snlua time_room 57
[:00000056][06/24/2021 11:02:50]: LAUNCH snlua time_room 58
[:00000057][06/24/2021 11:02:50]: LAUNCH snlua time_room 59
[:00000058][06/24/2021 11:02:50]: LAUNCH snlua time_room 60
[:00000059][06/24/2021 11:02:50]: LAUNCH snlua time_room 61
[:0000005a][06/24/2021 11:02:50]: LAUNCH snlua time_room 62
[:0000005b][06/24/2021 11:02:50]: LAUNCH snlua time_room 63
[:0000005c][06/24/2021 11:02:50]: LAUNCH snlua time_room 64
[:0000005d][06/24/2021 11:02:50]: LAUNCH snlua time_room 65
[:0000005e][06/24/2021 11:02:50]: LAUNCH snlua time_room 66
[:0000005f][06/24/2021 11:02:50]: LAUNCH snlua time_room 67
[:00000060][06/24/2021 11:02:50]: LAUNCH snlua time_room 68
[:00000061][06/24/2021 11:02:50]: LAUNCH snlua time_room 69
[:00000062][06/24/2021 11:02:50]: LAUNCH snlua time_room 70
[:00000063][06/24/2021 11:02:50]: LAUNCH snlua time_room 71
[:00000064][06/24/2021 11:02:50]: LAUNCH snlua time_room 72
[:00000065][06/24/2021 11:02:50]: LAUNCH snlua time_room 73
[:00000066][06/24/2021 11:02:50]: LAUNCH snlua time_room 74
[:00000067][06/24/2021 11:02:50]: LAUNCH snlua time_room 75
[:00000068][06/24/2021 11:02:50]: LAUNCH snlua time_room 76
[:00000069][06/24/2021 11:02:50]: LAUNCH snlua time_room 77
[:0000006a][06/24/2021 11:02:50]: LAUNCH snlua time_room 78
[:0000006b][06/24/2021 11:02:50]: LAUNCH snlua time_room 79
[:0000006c][06/24/2021 11:02:50]: LAUNCH snlua time_room 80
[:0000006d][06/24/2021 11:02:50]: LAUNCH snlua time_room 81
[:0000006e][06/24/2021 11:02:50]: LAUNCH snlua time_room 82
[:0000006f][06/24/2021 11:02:50]: LAUNCH snlua time_room 83
[:00000070][06/24/2021 11:02:50]: LAUNCH snlua time_room 84
[:00000071][06/24/2021 11:02:50]: LAUNCH snlua time_room 85
[:00000072][06/24/2021 11:02:50]: LAUNCH snlua time_room 86
[:00000073][06/24/2021 11:02:50]: LAUNCH snlua time_room 87
[:00000074][06/24/2021 11:02:50]: LAUNCH snlua time_room 88
[:00000075][06/24/2021 11:02:50]: LAUNCH snlua time_room 89
[:00000076][06/24/2021 11:02:50]: LAUNCH snlua time_room 90
[:00000077][06/24/2021 11:02:50]: LAUNCH snlua time_room 91
[:00000078][06/24/2021 11:02:50]: LAUNCH snlua time_room 92
[:00000079][06/24/2021 11:02:50]: LAUNCH snlua time_room 93
[:0000007a][06/24/2021 11:02:50]: LAUNCH snlua time_room 94
[:0000007b][06/24/2021 11:02:50]: LAUNCH snlua time_room 95
[:0000007c][06/24/2021 11:02:50]: LAUNCH snlua time_room 96
[:0000007d][06/24/2021 11:02:50]: LAUNCH snlua time_room 97
[:0000007e][06/24/2021 11:02:50]: LAUNCH snlua time_room 98
[:0000007f][06/24/2021 11:02:50]: LAUNCH snlua time_room 99
[:00000080][06/24/2021 11:02:50]: LAUNCH snlua time_room 100
[:00000081][06/24/2021 11:02:50]: LAUNCH snlua agent 1
[:00000082][06/24/2021 11:02:50]: LAUNCH snlua agent 2
[:00000083][06/24/2021 11:02:50]: LAUNCH snlua agent 3
[:00000084][06/24/2021 11:02:50]: LAUNCH snlua agent 4
[:00000085][06/24/2021 11:02:50]: LAUNCH snlua agent 5
[:00000086][06/24/2021 11:02:50]: LAUNCH snlua agent 6
[:00000087][06/24/2021 11:02:50]: LAUNCH snlua agent 7
[:00000088][06/24/2021 11:02:50]: LAUNCH snlua agent 8
[:00000089][06/24/2021 11:02:50]: LAUNCH snlua agent 9
[:0000008a][06/24/2021 11:02:50]: LAUNCH snlua agent 10
[:0000008b][06/24/2021 11:02:50]: LAUNCH snlua agent 11
[:0000008c][06/24/2021 11:02:50]: LAUNCH snlua agent 12
[:0000008d][06/24/2021 11:02:50]: LAUNCH snlua agent 13
[:0000008e][06/24/2021 11:02:50]: LAUNCH snlua agent 14
[:0000008f][06/24/2021 11:02:50]: LAUNCH snlua agent 15
[:00000090][06/24/2021 11:02:50]: LAUNCH snlua agent 16
[:00000091][06/24/2021 11:02:50]: LAUNCH snlua agent 17
[:00000092][06/24/2021 11:02:50]: LAUNCH snlua agent 18
[:00000093][06/24/2021 11:02:50]: LAUNCH snlua agent 19
[:00000094][06/24/2021 11:02:50]: LAUNCH snlua agent 20
[:00000095][06/24/2021 11:02:50]: LAUNCH snlua agent 21
[:00000096][06/24/2021 11:02:50]: LAUNCH snlua agent 22
[:00000097][06/24/2021 11:02:50]: LAUNCH snlua agent 23
[:00000098][06/24/2021 11:02:50]: LAUNCH snlua agent 24
[:00000099][06/24/2021 11:02:50]: LAUNCH snlua agent 25
[:0000009a][06/24/2021 11:02:50]: LAUNCH snlua agent 26
[:0000009b][06/24/2021 11:02:50]: LAUNCH snlua agent 27
[:0000009c][06/24/2021 11:02:50]: LAUNCH snlua agent 28
[:0000009d][06/24/2021 11:02:50]: LAUNCH snlua agent 29
[:0000009e][06/24/2021 11:02:50]: LAUNCH snlua agent 30
[:0000009f][06/24/2021 11:02:50]: LAUNCH snlua agent 31
[:000000a0][06/24/2021 11:02:50]: LAUNCH snlua agent 32
[:000000a1][06/24/2021 11:02:50]: LAUNCH snlua agent 33
[:000000a2][06/24/2021 11:02:50]: LAUNCH snlua agent 34
[:000000a3][06/24/2021 11:02:50]: LAUNCH snlua agent 35
[:000000a4][06/24/2021 11:02:50]: LAUNCH snlua agent 36
[:000000a5][06/24/2021 11:02:50]: LAUNCH snlua agent 37
[:000000a6][06/24/2021 11:02:50]: LAUNCH snlua agent 38
[:000000a7][06/24/2021 11:02:50]: LAUNCH snlua agent 39
[:000000a8][06/24/2021 11:02:50]: LAUNCH snlua agent 40
[:000000a9][06/24/2021 11:02:50]: LAUNCH snlua agent 41
[:000000aa][06/24/2021 11:02:50]: LAUNCH snlua agent 42
[:000000ab][06/24/2021 11:02:50]: LAUNCH snlua agent 43
[:000000ac][06/24/2021 11:02:50]: LAUNCH snlua agent 44
[:000000ad][06/24/2021 11:02:50]: LAUNCH snlua agent 45
[:000000ae][06/24/2021 11:02:50]: LAUNCH snlua agent 46
[:000000af][06/24/2021 11:02:50]: LAUNCH snlua agent 47
[:000000b0][06/24/2021 11:02:50]: LAUNCH snlua agent 48
[:000000b1][06/24/2021 11:02:50]: LAUNCH snlua agent 49
[:000000b2][06/24/2021 11:02:50]: LAUNCH snlua agent 50
[:000000b3][06/24/2021 11:02:50]: LAUNCH snlua agent 51
[:000000b4][06/24/2021 11:02:50]: LAUNCH snlua agent 52
[:000000b5][06/24/2021 11:02:50]: LAUNCH snlua agent 53
[:000000b6][06/24/2021 11:02:50]: LAUNCH snlua agent 54
[:000000b7][06/24/2021 11:02:50]: LAUNCH snlua agent 55
[:000000b8][06/24/2021 11:02:50]: LAUNCH snlua agent 56
[:000000b9][06/24/2021 11:02:50]: LAUNCH snlua agent 57
[:000000ba][06/24/2021 11:02:50]: LAUNCH snlua agent 58
[:000000bb][06/24/2021 11:02:50]: LAUNCH snlua agent 59
[:000000bc][06/24/2021 11:02:50]: LAUNCH snlua agent 60
[:000000bd][06/24/2021 11:02:50]: LAUNCH snlua agent 61
[:000000be][06/24/2021 11:02:50]: LAUNCH snlua agent 62
[:000000bf][06/24/2021 11:02:50]: LAUNCH snlua agent 63
[:000000c0][06/24/2021 11:02:50]: LAUNCH snlua agent 64
[:000000c1][06/24/2021 11:02:50]: LAUNCH snlua agent 65
[:000000c2][06/24/2021 11:02:50]: LAUNCH snlua agent 66
[:000000c3][06/24/2021 11:02:50]: LAUNCH snlua agent 67
[:000000c4][06/24/2021 11:02:50]: LAUNCH snlua agent 68
[:000000c5][06/24/2021 11:02:50]: LAUNCH snlua agent 69
[:000000c6][06/24/2021 11:02:50]: LAUNCH snlua agent 70
[:000000c7][06/24/2021 11:02:50]: LAUNCH snlua agent 71
[:000000c8][06/24/2021 11:02:50]: LAUNCH snlua agent 72
[:000000c9][06/24/2021 11:02:50]: LAUNCH snlua agent 73
[:000000ca][06/24/2021 11:02:50]: LAUNCH snlua agent 74
[:000000cb][06/24/2021 11:02:50]: LAUNCH snlua agent 75
[:000000cc][06/24/2021 11:02:50]: LAUNCH snlua agent 76
[:000000cd][06/24/2021 11:02:50]: LAUNCH snlua agent 77
[:000000ce][06/24/2021 11:02:50]: LAUNCH snlua agent 78
[:000000cf][06/24/2021 11:02:50]: LAUNCH snlua agent 79
[:000000d0][06/24/2021 11:02:50]: LAUNCH snlua agent 80
[:000000d1][06/24/2021 11:02:50]: LAUNCH snlua agent 81
[:000000d2][06/24/2021 11:02:50]: LAUNCH snlua agent 82
[:000000d3][06/24/2021 11:02:50]: LAUNCH snlua agent 83
[:000000d4][06/24/2021 11:02:50]: LAUNCH snlua agent 84
[:000000d5][06/24/2021 11:02:50]: LAUNCH snlua agent 85
[:000000d6][06/24/2021 11:02:50]: LAUNCH snlua agent 86
[:000000d7][06/24/2021 11:02:50]: LAUNCH snlua agent 87
[:000000d8][06/24/2021 11:02:50]: LAUNCH snlua agent 88
[:000000d9][06/24/2021 11:02:50]: LAUNCH snlua agent 89
[:000000da][06/24/2021 11:02:50]: LAUNCH snlua agent 90
[:000000db][06/24/2021 11:02:50]: LAUNCH snlua agent 91
[:000000dc][06/24/2021 11:02:50]: LAUNCH snlua agent 92
[:000000dd][06/24/2021 11:02:50]: LAUNCH snlua agent 93
[:000000de][06/24/2021 11:02:50]: LAUNCH snlua agent 94
[:000000df][06/24/2021 11:02:50]: LAUNCH snlua agent 95
[:000000e0][06/24/2021 11:02:50]: LAUNCH snlua agent 96
[:000000e1][06/24/2021 11:02:50]: LAUNCH snlua agent 97
[:000000e2][06/24/2021 11:02:50]: LAUNCH snlua agent 98
[:000000e3][06/24/2021 11:02:50]: LAUNCH snlua agent 99
[:000000e4][06/24/2021 11:02:50]: LAUNCH snlua agent 100
[:0000001a][06/24/2021 11:02:50]: Connect game server 118.31.245.208:8888 successfully.
[:0000001b][06/24/2021 11:02:50]: pack_link 5 118.31.245.208.
[:00000008][06/24/2021 11:02:50]: Server start finish.
[:00000008][06/24/2021 11:02:50]: KILL self
[:00000002][06/24/2021 11:02:50]: KILL self
[:0000001b][06/24/2021 11:02:50]: RespLink: 0 success login.
